<?xml version="1.0" encoding="UTF-8"?>
<!-- Generated by org.testng.reporters.JUnitXMLReporter -->
<testsuite ignored="0" hostname="Dulini" failures="0" tests="14" name="Orange HRM Test Suite" time="168.95" errors="0" timestamp="2026-08-06T00:22:54 PDT">
  <testcase classname="LoginTest" name="LoginPageTitleTest" time="0.016"/>
  <testcase classname="LoginTest" name="isLogoDisplayedTest" time="2.344"/>
  <testcase classname="LoginTest" name="loginTest" time="2.464"/>
  <testcase classname="HomePageTest" name="homePageTitleTest" time="5.869"/>
  <testcase classname="HomePageTest" name="dashboardHeaderTest" time="1.204"/>
  <testcase classname="HomePageTest" name="clickOnAdminTabTest" time="7.398"/>
  <testcase classname="HomePageTest" name="clickOnPIMTabTest" time="6.578"/>
  <testcase classname="HomePageTest" name="clickOnLeaveTabTest" time="3.732"/>
  <testcase classname="AdminPageTest" name="adminPageTitleTest" time="0.015"/>
  <testcase classname="AdminPageTest" name="adminHeaderTest" time="1.183"/>
  <testcase classname="AdminPageTest" name="addEmployeeButtonTest" time="0.759"/>
  <testcase classname="AddEmployeePageTest" name="testAddEmployee" time="3.76"/>
  <testcase classname="AddEmployeePageTest" name="testAddEmployee" time="3.68"/>
  <testcase classname="AddEmployeePageTest" name="testAddEmployee" time="4.231"/>
</testsuite> <!-- Orange HRM Test Suite -->
