<?xml version="1.0" encoding="UTF-8"?>
<!-- Generated by org.testng.reporters.JUnitXMLReporter -->
<testsuite ignored="0" hostname="Dulini" failures="0" tests="14" name="Orange HRM Test Suite" time="165.765" errors="0" timestamp="2026-08-03T03:41:44 PDT">
  <testcase classname="LoginTest" name="LoginPageTitleTest" time="0.02"/>
  <testcase classname="LoginTest" name="isLogoDisplayedTest" time="1.661"/>
  <testcase classname="LoginTest" name="loginTest" time="1.998"/>
  <testcase classname="HomePageTest" name="homePageTitleTest" time="12.76"/>
  <testcase classname="HomePageTest" name="dashboardHeaderTest" time="9.928"/>
  <testcase classname="HomePageTest" name="clickOnAdminTabTest" time="14.15"/>
  <testcase classname="HomePageTest" name="clickOnPIMTabTest" time="8.361"/>
  <testcase classname="HomePageTest" name="clickOnLeaveTabTest" time="10.887"/>
  <testcase classname="AdminPageTest" name="adminPageTitleTest" time="0.017"/>
  <testcase classname="AdminPageTest" name="adminHeaderTest" time="0.533"/>
  <testcase classname="AdminPageTest" name="addEmployeeButtonTest" time="0.36"/>
  <testcase classname="AddEmployeePageTest" name="testAddEmployee" time="1.691"/>
  <testcase classname="AddEmployeePageTest" name="testAddEmployee" time="2.485"/>
  <testcase classname="AddEmployeePageTest" name="testAddEmployee" time="2.055"/>
</testsuite> <!-- Orange HRM Test Suite -->
