<?xml version="1.0" encoding="UTF-8"?>
<testsuite xmlns:xsi="http://www.w3.org/2001/XMLSchema-instance" xsi:noNamespaceSchemaLocation="https://maven.apache.org/surefire/maven-surefire-plugin/xsd/surefire-test-report.xsd" version="3.0.1" name="TestSuite" time="169.896" tests="14" errors="0" skipped="0" failures="0">
  <properties>
[...]
</properties>
  <testcase name="LoginPageTitleTest" classname="LoginTest" time="0.033">
    <system-err><![CDATA[SLF4J: Failed to load class "org.slf4j.impl.StaticLoggerBinder".
SLF4J: Defaulting to no-operation (NOP) logger implementation
SLF4J: See http://www.slf4j.org/codes.html#StaticLoggerBinder for further details.
Aug 06, 2026 12:20:06 AM org.openqa.selenium.devtools.CdpVersionFinder findNearestMatch
WARNING: Unable to find CDP implementation matching 150
Aug 06, 2026 12:20:06 AM org.openqa.selenium.chromium.ChromiumDriver lambda$new$4
WARNING: Unable to find version of CDP to use for 150.0.7871.187. You may need to include a dependency on a specific version of the CDP using something similar to `org.seleniumhq.selenium:selenium-devtools-v86:4.34.0` where the version ("v86") matches the version of the chromium-based browser you're using and the version number of the artifact is the same as Selenium's.
]]></system-err>
  </testcase>
  <testcase name="isLogoDisplayedTest" classname="LoginTest" time="2.343">
    <system-out><![CDATA[Searching for element using locator: By.xpath: //img[@alt='company-branding']
Searching for element using locator: By.xpath: //img[@alt='company-branding']
Searching for element using locator: By.xpath: //img[@alt='company-branding']
✓ Logo is displayed: true
]]></system-out>
    <system-err><![CDATA[Aug 06, 2026 12:20:15 AM org.openqa.selenium.devtools.CdpVersionFinder findNearestMatch
WARNING: Unable to find CDP implementation matching 150
Aug 06, 2026 12:20:15 AM org.openqa.selenium.chromium.ChromiumDriver lambda$new$4
WARNING: Unable to find version of CDP to use for 150.0.7871.187. You may need to include a dependency on a specific version of the CDP using something similar to `org.seleniumhq.selenium:selenium-devtools-v86:4.34.0` where the version ("v86") matches the version of the chromium-based browser you're using and the version number of the artifact is the same as Selenium's.
]]></system-err>
  </testcase>
  <testcase name="loginTest" classname="LoginTest" time="2.463">
    <system-out><![CDATA[Searching for element using locator: By.name: username
Searching for element using locator: By.name: password
Searching for element using locator: By.xpath: //button[@type='submit']
Attempting to click element: button
Successfully clicked the element.
]]></system-out>
    <system-err><![CDATA[Aug 06, 2026 12:20:25 AM org.openqa.selenium.devtools.CdpVersionFinder findNearestMatch
WARNING: Unable to find CDP implementation matching 150
Aug 06, 2026 12:20:25 AM org.openqa.selenium.chromium.ChromiumDriver lambda$new$4
WARNING: Unable to find version of CDP to use for 150.0.7871.187. You may need to include a dependency on a specific version of the CDP using something similar to `org.seleniumhq.selenium:selenium-devtools-v86:4.34.0` where the version ("v86") matches the version of the chromium-based browser you're using and the version number of the artifact is the same as Selenium's.
]]></system-err>
  </testcase>
  <testcase name="homePageTitleTest" classname="HomePageTest" time="5.87">
    <system-out><![CDATA[Searching for element using locator: By.name: username
Searching for element using locator: By.name: password
Searching for element using locator: By.xpath: //button[@type='submit']
Attempting to click element: button
Successfully clicked the element.
]]></system-out>
    <system-err><![CDATA[Aug 06, 2026 12:20:35 AM org.openqa.selenium.devtools.CdpVersionFinder findNearestMatch
WARNING: Unable to find CDP implementation matching 150
Aug 06, 2026 12:20:35 AM org.openqa.selenium.chromium.ChromiumDriver lambda$new$4
WARNING: Unable to find version of CDP to use for 150.0.7871.187. You may need to include a dependency on a specific version of the CDP using something similar to `org.seleniumhq.selenium:selenium-devtools-v86:4.34.0` where the version ("v86") matches the version of the chromium-based browser you're using and the version number of the artifact is the same as Selenium's.
]]></system-err>
  </testcase>
  <testcase name="dashboardHeaderTest" classname="HomePageTest" time="1.203">
    <system-out><![CDATA[Searching for element using locator: By.name: username
Searching for element using locator: By.name: password
Searching for element using locator: By.xpath: //button[@type='submit']
Attempting to click element: button
Successfully clicked the element.
Searching for element using locator: By.xpath: //h6[text()='Dashboard']
]]></system-out>
    <system-err><![CDATA[Aug 06, 2026 12:20:50 AM org.openqa.selenium.devtools.CdpVersionFinder findNearestMatch
WARNING: Unable to find CDP implementation matching 150
Aug 06, 2026 12:20:50 AM org.openqa.selenium.chromium.ChromiumDriver lambda$new$4
WARNING: Unable to find version of CDP to use for 150.0.7871.187. You may need to include a dependency on a specific version of the CDP using something similar to `org.seleniumhq.selenium:selenium-devtools-v86:4.34.0` where the version ("v86") matches the version of the chromium-based browser you're using and the version number of the artifact is the same as Selenium's.
]]></system-err>
  </testcase>
  <testcase name="clickOnAdminTabTest" classname="HomePageTest" time="7.399">
    <system-out><![CDATA[Searching for element using locator: By.name: username
Searching for element using locator: By.name: password
Searching for element using locator: By.xpath: //button[@type='submit']
Attempting to click element: button
Successfully clicked the element.
Searching for element using locator: By.xpath: //span[text()='Admin']
Attempting to click element: span
Successfully clicked the element.
]]></system-out>
    <system-err><![CDATA[Aug 06, 2026 12:21:00 AM org.openqa.selenium.devtools.CdpVersionFinder findNearestMatch
WARNING: Unable to find CDP implementation matching 150
Aug 06, 2026 12:21:00 AM org.openqa.selenium.chromium.ChromiumDriver lambda$new$4
WARNING: Unable to find version of CDP to use for 150.0.7871.187. You may need to include a dependency on a specific version of the CDP using something similar to `org.seleniumhq.selenium:selenium-devtools-v86:4.34.0` where the version ("v86") matches the version of the chromium-based browser you're using and the version number of the artifact is the same as Selenium's.
]]></system-err>
  </testcase>
  <testcase name="clickOnPIMTabTest" classname="HomePageTest" time="6.579">
    <system-out><![CDATA[Searching for element using locator: By.name: username
Searching for element using locator: By.name: password
Searching for element using locator: By.xpath: //button[@type='submit']
Attempting to click element: button
Successfully clicked the element.
Searching for element using locator: By.xpath: //span[text()='PIM']
Attempting to click element: span
Successfully clicked the element.
]]></system-out>
    <system-err><![CDATA[Aug 06, 2026 12:21:18 AM org.openqa.selenium.devtools.CdpVersionFinder findNearestMatch
WARNING: Unable to find CDP implementation matching 150
Aug 06, 2026 12:21:18 AM org.openqa.selenium.chromium.ChromiumDriver lambda$new$4
WARNING: Unable to find version of CDP to use for 150.0.7871.187. You may need to include a dependency on a specific version of the CDP using something similar to `org.seleniumhq.selenium:selenium-devtools-v86:4.34.0` where the version ("v86") matches the version of the chromium-based browser you're using and the version number of the artifact is the same as Selenium's.
]]></system-err>
  </testcase>
  <testcase name="clickOnLeaveTabTest" classname="HomePageTest" time="3.732">
    <system-out><![CDATA[Searching for element using locator: By.name: username
Searching for element using locator: By.name: password
Searching for element using locator: By.xpath: //button[@type='submit']
Attempting to click element: button
Successfully clicked the element.
Searching for element using locator: By.xpath: //span[text()='Leave']
Attempting to click element: span
Successfully clicked the element.
]]></system-out>
    <system-err><![CDATA[Aug 06, 2026 12:21:30 AM org.openqa.selenium.devtools.CdpVersionFinder findNearestMatch
WARNING: Unable to find CDP implementation matching 150
Aug 06, 2026 12:21:30 AM org.openqa.selenium.chromium.ChromiumDriver lambda$new$4
WARNING: Unable to find version of CDP to use for 150.0.7871.187. You may need to include a dependency on a specific version of the CDP using something similar to `org.seleniumhq.selenium:selenium-devtools-v86:4.34.0` where the version ("v86") matches the version of the chromium-based browser you're using and the version number of the artifact is the same as Selenium's.
]]></system-err>
  </testcase>
  <testcase name="adminPageTitleTest" classname="AdminPageTest" time="0.016">
    <system-out><![CDATA[Searching for element using locator: By.name: username
Searching for element using locator: By.name: password
Searching for element using locator: By.xpath: //button[@type='submit']
Attempting to click element: button
Successfully clicked the element.
Searching for element using locator: By.xpath: //span[text()='Admin']
Attempting to click element: span
Successfully clicked the element.
]]></system-out>
    <system-err><![CDATA[Aug 06, 2026 12:21:40 AM org.openqa.selenium.devtools.CdpVersionFinder findNearestMatch
WARNING: Unable to find CDP implementation matching 150
Aug 06, 2026 12:21:40 AM org.openqa.selenium.chromium.ChromiumDriver lambda$new$4
WARNING: Unable to find version of CDP to use for 150.0.7871.187. You may need to include a dependency on a specific version of the CDP using something similar to `org.seleniumhq.selenium:selenium-devtools-v86:4.34.0` where the version ("v86") matches the version of the chromium-based browser you're using and the version number of the artifact is the same as Selenium's.
]]></system-err>
  </testcase>
  <testcase name="adminHeaderTest" classname="AdminPageTest" time="1.18">
    <system-out><![CDATA[Searching for element using locator: By.name: username
Searching for element using locator: By.name: password
Searching for element using locator: By.xpath: //button[@type='submit']
Attempting to click element: button
Successfully clicked the element.
Searching for element using locator: By.xpath: //span[text()='Admin']
Attempting to click element: span
Successfully clicked the element.
Searching for element using locator: By.xpath: //h6[text()='Admin']
]]></system-out>
    <system-err><![CDATA[Aug 06, 2026 12:21:48 AM org.openqa.selenium.devtools.CdpVersionFinder findNearestMatch
WARNING: Unable to find CDP implementation matching 150
Aug 06, 2026 12:21:48 AM org.openqa.selenium.chromium.ChromiumDriver lambda$new$4
WARNING: Unable to find version of CDP to use for 150.0.7871.187. You may need to include a dependency on a specific version of the CDP using something similar to `org.seleniumhq.selenium:selenium-devtools-v86:4.34.0` where the version ("v86") matches the version of the chromium-based browser you're using and the version number of the artifact is the same as Selenium's.
]]></system-err>
  </testcase>
  <testcase name="addEmployeeButtonTest" classname="AdminPageTest" time="0.758">
    <system-out><![CDATA[Searching for element using locator: By.name: username
Searching for element using locator: By.name: password
Searching for element using locator: By.xpath: //button[@type='submit']
Attempting to click element: button
Successfully clicked the element.
Searching for element using locator: By.xpath: //span[text()='Admin']
Attempting to click element: span
Successfully clicked the element.
Searching for element using locator: By.xpath: //button[@type='button' and text()=' Add ']
]]></system-out>
    <system-err><![CDATA[Aug 06, 2026 12:21:59 AM org.openqa.selenium.devtools.CdpVersionFinder findNearestMatch
WARNING: Unable to find CDP implementation matching 150
Aug 06, 2026 12:21:59 AM org.openqa.selenium.chromium.ChromiumDriver lambda$new$4
WARNING: Unable to find version of CDP to use for 150.0.7871.187. You may need to include a dependency on a specific version of the CDP using something similar to `org.seleniumhq.selenium:selenium-devtools-v86:4.34.0` where the version ("v86") matches the version of the chromium-based browser you're using and the version number of the artifact is the same as Selenium's.
]]></system-err>
  </testcase>
  <testcase name="testAddEmployee[Admin, John Doe, Enabled, johndoe, password123, password123](1)" classname="AddEmployeePageTest" time="3.76">
    <system-out><![CDATA[2026-08-06T07:22:11.409164600Z main ERROR Log4j2 could not find a logging implementation. Please add log4j-core to the classpath. Using SimpleLogger to log to the console...
Searching for element using locator: By.name: username
Searching for element using locator: By.name: password
Searching for element using locator: By.xpath: //button[@type='submit']
Attempting to click element: button
Successfully clicked the element.
Searching for element using locator: By.xpath: //span[text()='Admin']
Attempting to click element: span
Successfully clicked the element.
Searching for element using locator: By.xpath: //button[@type='button' and text()=' Add ']
Attempting to click element: button
Successfully clicked the element.
Searching for element using locator: By.xpath: //label[text()='User Role']/../following-sibling::div//div[contains(@class,'oxd-select-text')]
Attempting to click element: div
Successfully clicked the element.
Searching for element using locator: By.xpath: //div[@role='option' and normalize-space()='Admin']
Attempting to click element: div
Successfully clicked the element.
Searching for element using locator: By.xpath: //label[text()='Employee Name']/../following-sibling::div//input
Searching for element using locator: By.xpath: //label[text()='Status']/../following-sibling::div//div[contains(@class,'oxd-select-text')]
Attempting to click element: div
Successfully clicked the element.
Searching for element using locator: By.xpath: //div[@role='option' and normalize-space()='Enabled']
Attempting to click element: div
Successfully clicked the element.
Searching for element using locator: By.xpath: //label[text()='Username']/../following-sibling::div//input
Searching for element using locator: By.xpath: //label[text()='Password']/../following-sibling::div//input[@type='password']
Searching for element using locator: By.xpath: //label[text()='Confirm Password']/../following-sibling::div//input[@type='password']
Searching for element using locator: By.xpath: //button[@type='submit' and normalize-space()='Save']
Attempting to click element: button
Successfully clicked the element.
]]></system-out>
    <system-err><![CDATA[Aug 06, 2026 12:22:12 AM org.openqa.selenium.devtools.CdpVersionFinder findNearestMatch
WARNING: Unable to find CDP implementation matching 150
Aug 06, 2026 12:22:12 AM org.openqa.selenium.chromium.ChromiumDriver lambda$new$4
WARNING: Unable to find version of CDP to use for 150.0.7871.187. You may need to include a dependency on a specific version of the CDP using something similar to `org.seleniumhq.selenium:selenium-devtools-v86:4.34.0` where the version ("v86") matches the version of the chromium-based browser you're using and the version number of the artifact is the same as Selenium's.
]]></system-err>
  </testcase>
  <testcase name="testAddEmployee[ESS, Radha  Gupta, Disabled, radhagupta, password123, password123](2)" classname="AddEmployeePageTest" time="3.68">
    <system-out><![CDATA[Searching for element using locator: By.name: username
Searching for element using locator: By.name: password
Searching for element using locator: By.xpath: //button[@type='submit']
Attempting to click element: button
Successfully clicked the element.
Searching for element using locator: By.xpath: //span[text()='Admin']
Attempting to click element: span
Successfully clicked the element.
Searching for element using locator: By.xpath: //button[@type='button' and text()=' Add ']
Attempting to click element: button
Successfully clicked the element.
Searching for element using locator: By.xpath: //label[text()='User Role']/../following-sibling::div//div[contains(@class,'oxd-select-text')]
Attempting to click element: div
Successfully clicked the element.
Searching for element using locator: By.xpath: //div[@role='option' and normalize-space()='ESS']
Attempting to click element: div
Successfully clicked the element.
Searching for element using locator: By.xpath: //label[text()='Employee Name']/../following-sibling::div//input
Searching for element using locator: By.xpath: //label[text()='Status']/../following-sibling::div//div[contains(@class,'oxd-select-text')]
Attempting to click element: div
Successfully clicked the element.
Searching for element using locator: By.xpath: //div[@role='option' and normalize-space()='Disabled']
Attempting to click element: div
Successfully clicked the element.
Searching for element using locator: By.xpath: //label[text()='Username']/../following-sibling::div//input
Searching for element using locator: By.xpath: //label[text()='Password']/../following-sibling::div//input[@type='password']
Searching for element using locator: By.xpath: //label[text()='Confirm Password']/../following-sibling::div//input[@type='password']
Searching for element using locator: By.xpath: //button[@type='submit' and normalize-space()='Save']
Attempting to click element: button
Successfully clicked the element.
]]></system-out>
    <system-err><![CDATA[Aug 06, 2026 12:22:28 AM org.openqa.selenium.devtools.CdpVersionFinder findNearestMatch
WARNING: Unable to find CDP implementation matching 150
Aug 06, 2026 12:22:28 AM org.openqa.selenium.chromium.ChromiumDriver lambda$new$4
WARNING: Unable to find version of CDP to use for 150.0.7871.187. You may need to include a dependency on a specific version of the CDP using something similar to `org.seleniumhq.selenium:selenium-devtools-v86:4.34.0` where the version ("v86") matches the version of the chromium-based browser you're using and the version number of the artifact is the same as Selenium's.
]]></system-err>
  </testcase>
  <testcase name="testAddEmployee[Admin, Thomas Kutty Benny, Enabled, thomaskuttyb, password123, password123](3)" classname="AddEmployeePageTest" time="4.231">
    <system-out><![CDATA[Searching for element using locator: By.name: username
Searching for element using locator: By.name: password
Searching for element using locator: By.xpath: //button[@type='submit']
Attempting to click element: button
Successfully clicked the element.
Searching for element using locator: By.xpath: //span[text()='Admin']
Attempting to click element: span
Successfully clicked the element.
Searching for element using locator: By.xpath: //button[@type='button' and text()=' Add ']
Attempting to click element: button
Successfully clicked the element.
Searching for element using locator: By.xpath: //label[text()='User Role']/../following-sibling::div//div[contains(@class,'oxd-select-text')]
Attempting to click element: div
Successfully clicked the element.
Searching for element using locator: By.xpath: //div[@role='option' and normalize-space()='Admin']
Attempting to click element: div
Successfully clicked the element.
Searching for element using locator: By.xpath: //label[text()='Employee Name']/../following-sibling::div//input
Searching for element using locator: By.xpath: //label[text()='Status']/../following-sibling::div//div[contains(@class,'oxd-select-text')]
Attempting to click element: div
Successfully clicked the element.
Searching for element using locator: By.xpath: //div[@role='option' and normalize-space()='Enabled']
Attempting to click element: div
Successfully clicked the element.
Searching for element using locator: By.xpath: //label[text()='Username']/../following-sibling::div//input
Searching for element using locator: By.xpath: //label[text()='Password']/../following-sibling::div//input[@type='password']
Searching for element using locator: By.xpath: //label[text()='Confirm Password']/../following-sibling::div//input[@type='password']
Searching for element using locator: By.xpath: //button[@type='submit' and normalize-space()='Save']
Attempting to click element: button
Successfully clicked the element.
]]></system-out>
    <system-err><![CDATA[Aug 06, 2026 12:22:42 AM org.openqa.selenium.devtools.CdpVersionFinder findNearestMatch
WARNING: Unable to find CDP implementation matching 150
Aug 06, 2026 12:22:42 AM org.openqa.selenium.chromium.ChromiumDriver lambda$new$4
WARNING: Unable to find version of CDP to use for 150.0.7871.187. You may need to include a dependency on a specific version of the CDP using something similar to `org.seleniumhq.selenium:selenium-devtools-v86:4.34.0` where the version ("v86") matches the version of the chromium-based browser you're using and the version number of the artifact is the same as Selenium's.
]]></system-err>
  </testcase>
</testsuite>