<?xml version="1.0" encoding="UTF-8"?>
<testng-results ignored="0" total="14" passed="14" failed="0" skipped="0">
  <reporter-output>
  </reporter-output>
  <suite started-at="2026-08-03T03:38:58 PDT" name="OrangeHRM Automation Suite" finished-at="2026-08-03T03:41:44 PDT" duration-ms="165765">
    <groups>
    </groups>
    <test started-at="2026-08-03T03:38:58 PDT" name="Orange HRM Test Suite" finished-at="2026-08-03T03:41:44 PDT" duration-ms="165765">
      <class name="AddEmployeePageTest">
        <test-method is-config="true" signature="setUp()[pri:0, instance:AddEmployeePageTest@10e92f8f]" started-at="2026-08-03T03:41:12 PDT" name="setUp" finished-at="2026-08-03T03:41:18 PDT" duration-ms="6327" status="PASS">
          <reporter-output>
          </reporter-output>
        </test-method> <!-- setUp -->
        <test-method signature="testAddEmployee(java.lang.String,java.lang.String,java.lang.String,java.lang.String,java.lang.String,java.lang.String)[pri:0, instance:AddEmployeePageTest@10e92f8f]" started-at="2026-08-03T03:41:18 PDT" name="testAddEmployee" data-provider="getemployeeData" finished-at="2026-08-03T03:41:20 PDT" duration-ms="1691" status="PASS">
          <params>
            <param index="0">
              <value>
                <![CDATA[Admin]]>
              </value>
            </param>
            <param index="1">
              <value>
                <![CDATA[John Doe]]>
              </value>
            </param>
            <param index="2">
              <value>
                <![CDATA[Enabled]]>
              </value>
            </param>
            <param index="3">
              <value>
                <![CDATA[johndoe]]>
              </value>
            </param>
            <param index="4">
              <value>
                <![CDATA[password123]]>
              </value>
            </param>
            <param index="5">
              <value>
                <![CDATA[password123]]>
              </value>
            </param>
          </params>
          <reporter-output>
          </reporter-output>
        </test-method> <!-- testAddEmployee -->
        <test-method is-config="true" signature="tearDown()[pri:0, instance:AddEmployeePageTest@10e92f8f]" started-at="2026-08-03T03:41:20 PDT" name="tearDown" finished-at="2026-08-03T03:41:20 PDT" duration-ms="172" status="PASS">
          <reporter-output>
          </reporter-output>
        </test-method> <!-- tearDown -->
        <test-method is-config="true" signature="setUp()[pri:0, instance:AddEmployeePageTest@10e92f8f]" started-at="2026-08-03T03:41:20 PDT" name="setUp" finished-at="2026-08-03T03:41:30 PDT" duration-ms="9958" status="PASS">
          <reporter-output>
          </reporter-output>
        </test-method> <!-- setUp -->
        <test-method signature="testAddEmployee(java.lang.String,java.lang.String,java.lang.String,java.lang.String,java.lang.String,java.lang.String)[pri:0, instance:AddEmployeePageTest@10e92f8f]" started-at="2026-08-03T03:41:30 PDT" name="testAddEmployee" data-provider="getemployeeData" finished-at="2026-08-03T03:41:32 PDT" duration-ms="2485" status="PASS">
          <params>
            <param index="0">
              <value>
                <![CDATA[ESS]]>
              </value>
            </param>
            <param index="1">
              <value>
                <![CDATA[Radha  Gupta]]>
              </value>
            </param>
            <param index="2">
              <value>
                <![CDATA[Disabled]]>
              </value>
            </param>
            <param index="3">
              <value>
                <![CDATA[radhagupta]]>
              </value>
            </param>
            <param index="4">
              <value>
                <![CDATA[password123]]>
              </value>
            </param>
            <param index="5">
              <value>
                <![CDATA[password123]]>
              </value>
            </param>
          </params>
          <reporter-output>
          </reporter-output>
        </test-method> <!-- testAddEmployee -->
        <test-method is-config="true" signature="tearDown()[pri:0, instance:AddEmployeePageTest@10e92f8f]" started-at="2026-08-03T03:41:32 PDT" name="tearDown" finished-at="2026-08-03T03:41:32 PDT" duration-ms="172" status="PASS">
          <reporter-output>
          </reporter-output>
        </test-method> <!-- tearDown -->
        <test-method is-config="true" signature="setUp()[pri:0, instance:AddEmployeePageTest@10e92f8f]" started-at="2026-08-03T03:41:32 PDT" name="setUp" finished-at="2026-08-03T03:41:42 PDT" duration-ms="9339" status="PASS">
          <reporter-output>
          </reporter-output>
        </test-method> <!-- setUp -->
        <test-method signature="testAddEmployee(java.lang.String,java.lang.String,java.lang.String,java.lang.String,java.lang.String,java.lang.String)[pri:0, instance:AddEmployeePageTest@10e92f8f]" started-at="2026-08-03T03:41:42 PDT" name="testAddEmployee" data-provider="getemployeeData" finished-at="2026-08-03T03:41:44 PDT" duration-ms="2055" status="PASS">
          <params>
            <param index="0">
              <value>
                <![CDATA[Admin]]>
              </value>
            </param>
            <param index="1">
              <value>
                <![CDATA[Thomas Kutty Benny]]>
              </value>
            </param>
            <param index="2">
              <value>
                <![CDATA[Enabled]]>
              </value>
            </param>
            <param index="3">
              <value>
                <![CDATA[thomaskuttyb]]>
              </value>
            </param>
            <param index="4">
              <value>
                <![CDATA[password123]]>
              </value>
            </param>
            <param index="5">
              <value>
                <![CDATA[password123]]>
              </value>
            </param>
          </params>
          <reporter-output>
          </reporter-output>
        </test-method> <!-- testAddEmployee -->
        <test-method is-config="true" signature="tearDown()[pri:0, instance:AddEmployeePageTest@10e92f8f]" started-at="2026-08-03T03:41:44 PDT" name="tearDown" finished-at="2026-08-03T03:41:44 PDT" duration-ms="168" status="PASS">
          <reporter-output>
          </reporter-output>
        </test-method> <!-- tearDown -->
      </class> <!-- AddEmployeePageTest -->
      <class name="AdminPageTest">
        <test-method is-config="true" signature="setUp()[pri:0, instance:AdminPageTest@6ef888f6]" started-at="2026-08-03T03:40:46 PDT" name="setUp" finished-at="2026-08-03T03:40:56 PDT" duration-ms="10142" status="PASS">
          <reporter-output>
          </reporter-output>
        </test-method> <!-- setUp -->
        <test-method signature="adminPageTitleTest()[pri:1, instance:AdminPageTest@6ef888f6]" started-at="2026-08-03T03:40:56 PDT" name="adminPageTitleTest" finished-at="2026-08-03T03:40:56 PDT" duration-ms="17" status="PASS">
          <reporter-output>
          </reporter-output>
        </test-method> <!-- adminPageTitleTest -->
        <test-method is-config="true" signature="tearDown()[pri:0, instance:AdminPageTest@6ef888f6]" started-at="2026-08-03T03:40:56 PDT" name="tearDown" finished-at="2026-08-03T03:40:57 PDT" duration-ms="171" status="PASS">
          <reporter-output>
          </reporter-output>
        </test-method> <!-- tearDown -->
        <test-method is-config="true" signature="setUp()[pri:0, instance:AdminPageTest@6ef888f6]" started-at="2026-08-03T03:40:57 PDT" name="setUp" finished-at="2026-08-03T03:41:03 PDT" duration-ms="6538" status="PASS">
          <reporter-output>
          </reporter-output>
        </test-method> <!-- setUp -->
        <test-method signature="adminHeaderTest()[pri:2, instance:AdminPageTest@6ef888f6]" started-at="2026-08-03T03:41:03 PDT" name="adminHeaderTest" finished-at="2026-08-03T03:41:04 PDT" duration-ms="533" status="PASS">
          <reporter-output>
          </reporter-output>
        </test-method> <!-- adminHeaderTest -->
        <test-method is-config="true" signature="tearDown()[pri:0, instance:AdminPageTest@6ef888f6]" started-at="2026-08-03T03:41:04 PDT" name="tearDown" finished-at="2026-08-03T03:41:04 PDT" duration-ms="135" status="PASS">
          <reporter-output>
          </reporter-output>
        </test-method> <!-- tearDown -->
        <test-method is-config="true" signature="setUp()[pri:0, instance:AdminPageTest@6ef888f6]" started-at="2026-08-03T03:41:04 PDT" name="setUp" finished-at="2026-08-03T03:41:11 PDT" duration-ms="6930" status="PASS">
          <reporter-output>
          </reporter-output>
        </test-method> <!-- setUp -->
        <test-method signature="addEmployeeButtonTest()[pri:3, instance:AdminPageTest@6ef888f6]" started-at="2026-08-03T03:41:11 PDT" name="addEmployeeButtonTest" finished-at="2026-08-03T03:41:11 PDT" duration-ms="360" status="PASS">
          <reporter-output>
          </reporter-output>
        </test-method> <!-- addEmployeeButtonTest -->
        <test-method is-config="true" signature="tearDown()[pri:0, instance:AdminPageTest@6ef888f6]" started-at="2026-08-03T03:41:11 PDT" name="tearDown" finished-at="2026-08-03T03:41:11 PDT" duration-ms="132" status="PASS">
          <reporter-output>
          </reporter-output>
        </test-method> <!-- tearDown -->
      </class> <!-- AdminPageTest -->
      <class name="HomePageTest">
        <test-method is-config="true" signature="setUp()[pri:0, instance:HomePageTest@1c93084c]" started-at="2026-08-03T03:39:17 PDT" name="setUp" finished-at="2026-08-03T03:39:23 PDT" duration-ms="6763" status="PASS">
          <reporter-output>
          </reporter-output>
        </test-method> <!-- setUp -->
        <test-method signature="homePageTitleTest()[pri:1, instance:HomePageTest@1c93084c]" started-at="2026-08-03T03:39:23 PDT" name="homePageTitleTest" finished-at="2026-08-03T03:39:36 PDT" duration-ms="12760" status="PASS">
          <reporter-output>
          </reporter-output>
        </test-method> <!-- homePageTitleTest -->
        <test-method is-config="true" signature="tearDown()[pri:0, instance:HomePageTest@1c93084c]" started-at="2026-08-03T03:39:36 PDT" name="tearDown" finished-at="2026-08-03T03:39:36 PDT" duration-ms="158" status="PASS">
          <reporter-output>
          </reporter-output>
        </test-method> <!-- tearDown -->
        <test-method is-config="true" signature="setUp()[pri:0, instance:HomePageTest@1c93084c]" started-at="2026-08-03T03:39:36 PDT" name="setUp" finished-at="2026-08-03T03:39:44 PDT" duration-ms="7615" status="PASS">
          <reporter-output>
          </reporter-output>
        </test-method> <!-- setUp -->
        <test-method signature="dashboardHeaderTest()[pri:2, instance:HomePageTest@1c93084c]" started-at="2026-08-03T03:39:44 PDT" name="dashboardHeaderTest" finished-at="2026-08-03T03:39:54 PDT" duration-ms="9928" status="PASS">
          <reporter-output>
          </reporter-output>
        </test-method> <!-- dashboardHeaderTest -->
        <test-method is-config="true" signature="tearDown()[pri:0, instance:HomePageTest@1c93084c]" started-at="2026-08-03T03:39:54 PDT" name="tearDown" finished-at="2026-08-03T03:39:54 PDT" duration-ms="165" status="PASS">
          <reporter-output>
          </reporter-output>
        </test-method> <!-- tearDown -->
        <test-method is-config="true" signature="setUp()[pri:0, instance:HomePageTest@1c93084c]" started-at="2026-08-03T03:39:54 PDT" name="setUp" finished-at="2026-08-03T03:40:02 PDT" duration-ms="7760" status="PASS">
          <reporter-output>
          </reporter-output>
        </test-method> <!-- setUp -->
        <test-method signature="clickOnAdminTabTest()[pri:3, instance:HomePageTest@1c93084c]" started-at="2026-08-03T03:40:02 PDT" name="clickOnAdminTabTest" finished-at="2026-08-03T03:40:16 PDT" duration-ms="14150" status="PASS">
          <reporter-output>
          </reporter-output>
        </test-method> <!-- clickOnAdminTabTest -->
        <test-method is-config="true" signature="tearDown()[pri:0, instance:HomePageTest@1c93084c]" started-at="2026-08-03T03:40:16 PDT" name="tearDown" finished-at="2026-08-03T03:40:16 PDT" duration-ms="196" status="PASS">
          <reporter-output>
          </reporter-output>
        </test-method> <!-- tearDown -->
        <test-method is-config="true" signature="setUp()[pri:0, instance:HomePageTest@1c93084c]" started-at="2026-08-03T03:40:16 PDT" name="setUp" finished-at="2026-08-03T03:40:22 PDT" duration-ms="5862" status="PASS">
          <reporter-output>
          </reporter-output>
        </test-method> <!-- setUp -->
        <test-method signature="clickOnPIMTabTest()[pri:4, instance:HomePageTest@1c93084c]" started-at="2026-08-03T03:40:22 PDT" name="clickOnPIMTabTest" finished-at="2026-08-03T03:40:30 PDT" duration-ms="8361" status="PASS">
          <reporter-output>
          </reporter-output>
        </test-method> <!-- clickOnPIMTabTest -->
        <test-method is-config="true" signature="tearDown()[pri:0, instance:HomePageTest@1c93084c]" started-at="2026-08-03T03:40:30 PDT" name="tearDown" finished-at="2026-08-03T03:40:30 PDT" duration-ms="169" status="PASS">
          <reporter-output>
          </reporter-output>
        </test-method> <!-- tearDown -->
        <test-method is-config="true" signature="setUp()[pri:0, instance:HomePageTest@1c93084c]" started-at="2026-08-03T03:40:30 PDT" name="setUp" finished-at="2026-08-03T03:40:35 PDT" duration-ms="4716" status="PASS">
          <reporter-output>
          </reporter-output>
        </test-method> <!-- setUp -->
        <test-method signature="clickOnLeaveTabTest()[pri:5, instance:HomePageTest@1c93084c]" started-at="2026-08-03T03:40:35 PDT" name="clickOnLeaveTabTest" finished-at="2026-08-03T03:40:46 PDT" duration-ms="10887" status="PASS">
          <reporter-output>
          </reporter-output>
        </test-method> <!-- clickOnLeaveTabTest -->
        <test-method is-config="true" signature="tearDown()[pri:0, instance:HomePageTest@1c93084c]" started-at="2026-08-03T03:40:46 PDT" name="tearDown" finished-at="2026-08-03T03:40:46 PDT" duration-ms="138" status="PASS">
          <reporter-output>
          </reporter-output>
        </test-method> <!-- tearDown -->
      </class> <!-- HomePageTest -->
      <class name="LoginTest">
        <test-method is-config="true" signature="setUp()[pri:0, instance:LoginTest@7ee955a8]" started-at="2026-08-03T03:38:58 PDT" name="setUp" finished-at="2026-08-03T03:39:03 PDT" duration-ms="4636" status="PASS">
          <reporter-output>
          </reporter-output>
        </test-method> <!-- setUp -->
        <test-method signature="LoginPageTitleTest()[pri:1, instance:LoginTest@7ee955a8]" started-at="2026-08-03T03:39:03 PDT" name="LoginPageTitleTest" finished-at="2026-08-03T03:39:03 PDT" duration-ms="20" status="PASS">
          <reporter-output>
          </reporter-output>
        </test-method> <!-- LoginPageTitleTest -->
        <test-method is-config="true" signature="tearDown()[pri:0, instance:LoginTest@7ee955a8]" started-at="2026-08-03T03:39:03 PDT" name="tearDown" finished-at="2026-08-03T03:39:03 PDT" duration-ms="189" status="PASS">
          <reporter-output>
          </reporter-output>
        </test-method> <!-- tearDown -->
        <test-method is-config="true" signature="setUp()[pri:0, instance:LoginTest@7ee955a8]" started-at="2026-08-03T03:39:03 PDT" name="setUp" finished-at="2026-08-03T03:39:07 PDT" duration-ms="3588" status="PASS">
          <reporter-output>
          </reporter-output>
        </test-method> <!-- setUp -->
        <test-method signature="isLogoDisplayedTest()[pri:2, instance:LoginTest@7ee955a8]" started-at="2026-08-03T03:39:07 PDT" name="isLogoDisplayedTest" finished-at="2026-08-03T03:39:08 PDT" duration-ms="1661" status="PASS">
          <reporter-output>
          </reporter-output>
        </test-method> <!-- isLogoDisplayedTest -->
        <test-method is-config="true" signature="tearDown()[pri:0, instance:LoginTest@7ee955a8]" started-at="2026-08-03T03:39:08 PDT" name="tearDown" finished-at="2026-08-03T03:39:08 PDT" duration-ms="164" status="PASS">
          <reporter-output>
          </reporter-output>
        </test-method> <!-- tearDown -->
        <test-method is-config="true" signature="setUp()[pri:0, instance:LoginTest@7ee955a8]" started-at="2026-08-03T03:39:08 PDT" name="setUp" finished-at="2026-08-03T03:39:14 PDT" duration-ms="5838" status="PASS">
          <reporter-output>
          </reporter-output>
        </test-method> <!-- setUp -->
        <test-method signature="loginTest()[pri:3, instance:LoginTest@7ee955a8]" started-at="2026-08-03T03:39:14 PDT" name="loginTest" finished-at="2026-08-03T03:39:16 PDT" duration-ms="1998" status="PASS">
          <reporter-output>
          </reporter-output>
        </test-method> <!-- loginTest -->
        <test-method is-config="true" signature="tearDown()[pri:0, instance:LoginTest@7ee955a8]" started-at="2026-08-03T03:39:16 PDT" name="tearDown" finished-at="2026-08-03T03:39:17 PDT" duration-ms="313" status="PASS">
          <reporter-output>
          </reporter-output>
        </test-method> <!-- tearDown -->
      </class> <!-- LoginTest -->
    </test> <!-- Orange HRM Test Suite -->
  </suite> <!-- OrangeHRM Automation Suite -->
</testng-results>
