<?xml version="1.0" encoding="UTF-8"?>
<testng-results ignored="0" total="14" passed="14" failed="0" skipped="0">
  <reporter-output>
  </reporter-output>
  <suite started-at="2026-08-06T00:20:05 PDT" name="OrangeHRM Automation Suite" finished-at="2026-08-06T00:22:54 PDT" duration-ms="168950">
    <groups>
    </groups>
    <test started-at="2026-08-06T00:20:05 PDT" name="Orange HRM Test Suite" finished-at="2026-08-06T00:22:54 PDT" duration-ms="168950">
      <class name="AddEmployeePageTest">
        <test-method is-config="true" signature="setUp()[pri:0, instance:AddEmployeePageTest@1d119efb]" started-at="2026-08-06T00:22:12 PDT" name="setUp" finished-at="2026-08-06T00:22:23 PDT" duration-ms="11556" status="PASS">
          <reporter-output>
          </reporter-output>
        </test-method> <!-- setUp -->
        <test-method signature="testAddEmployee(java.lang.String,java.lang.String,java.lang.String,java.lang.String,java.lang.String,java.lang.String)[pri:0, instance:AddEmployeePageTest@1d119efb]" started-at="2026-08-06T00:22:23 PDT" name="testAddEmployee" data-provider="getemployeeData" finished-at="2026-08-06T00:22:27 PDT" duration-ms="3760" status="PASS">
          <params>
            <param index="0">
              <value>
                <![CDATA[Admin]]>
              </value>
            </param>
            <param index="1">
              <value>
                <![CDATA[John Doe]]>
              </value>
            </param>
            <param index="2">
              <value>
                <![CDATA[Enabled]]>
              </value>
            </param>
            <param index="3">
              <value>
                <![CDATA[johndoe]]>
              </value>
            </param>
            <param index="4">
              <value>
                <![CDATA[password123]]>
              </value>
            </param>
            <param index="5">
              <value>
                <![CDATA[password123]]>
              </value>
            </param>
          </params>
          <reporter-output>
          </reporter-output>
        </test-method> <!-- testAddEmployee -->
        <test-method is-config="true" signature="tearDown()[pri:0, instance:AddEmployeePageTest@1d119efb]" started-at="2026-08-06T00:22:27 PDT" name="tearDown" finished-at="2026-08-06T00:22:27 PDT" duration-ms="348" status="PASS">
          <reporter-output>
          </reporter-output>
        </test-method> <!-- tearDown -->
        <test-method is-config="true" signature="setUp()[pri:0, instance:AddEmployeePageTest@1d119efb]" started-at="2026-08-06T00:22:27 PDT" name="setUp" finished-at="2026-08-06T00:22:37 PDT" duration-ms="10117" status="PASS">
          <reporter-output>
          </reporter-output>
        </test-method> <!-- setUp -->
        <test-method signature="testAddEmployee(java.lang.String,java.lang.String,java.lang.String,java.lang.String,java.lang.String,java.lang.String)[pri:0, instance:AddEmployeePageTest@1d119efb]" started-at="2026-08-06T00:22:37 PDT" name="testAddEmployee" data-provider="getemployeeData" finished-at="2026-08-06T00:22:41 PDT" duration-ms="3680" status="PASS">
          <params>
            <param index="0">
              <value>
                <![CDATA[ESS]]>
              </value>
            </param>
            <param index="1">
              <value>
                <![CDATA[Radha  Gupta]]>
              </value>
            </param>
            <param index="2">
              <value>
                <![CDATA[Disabled]]>
              </value>
            </param>
            <param index="3">
              <value>
                <![CDATA[radhagupta]]>
              </value>
            </param>
            <param index="4">
              <value>
                <![CDATA[password123]]>
              </value>
            </param>
            <param index="5">
              <value>
                <![CDATA[password123]]>
              </value>
            </param>
          </params>
          <reporter-output>
          </reporter-output>
        </test-method> <!-- testAddEmployee -->
        <test-method is-config="true" signature="tearDown()[pri:0, instance:AddEmployeePageTest@1d119efb]" started-at="2026-08-06T00:22:41 PDT" name="tearDown" finished-at="2026-08-06T00:22:41 PDT" duration-ms="219" status="PASS">
          <reporter-output>
          </reporter-output>
        </test-method> <!-- tearDown -->
        <test-method is-config="true" signature="setUp()[pri:0, instance:AddEmployeePageTest@1d119efb]" started-at="2026-08-06T00:22:41 PDT" name="setUp" finished-at="2026-08-06T00:22:49 PDT" duration-ms="8031" status="PASS">
          <reporter-output>
          </reporter-output>
        </test-method> <!-- setUp -->
        <test-method signature="testAddEmployee(java.lang.String,java.lang.String,java.lang.String,java.lang.String,java.lang.String,java.lang.String)[pri:0, instance:AddEmployeePageTest@1d119efb]" started-at="2026-08-06T00:22:49 PDT" name="testAddEmployee" data-provider="getemployeeData" finished-at="2026-08-06T00:22:53 PDT" duration-ms="4231" status="PASS">
          <params>
            <param index="0">
              <value>
                <![CDATA[Admin]]>
              </value>
            </param>
            <param index="1">
              <value>
                <![CDATA[Thomas Kutty Benny]]>
              </value>
            </param>
            <param index="2">
              <value>
                <![CDATA[Enabled]]>
              </value>
            </param>
            <param index="3">
              <value>
                <![CDATA[thomaskuttyb]]>
              </value>
            </param>
            <param index="4">
              <value>
                <![CDATA[password123]]>
              </value>
            </param>
            <param index="5">
              <value>
                <![CDATA[password123]]>
              </value>
            </param>
          </params>
          <reporter-output>
          </reporter-output>
        </test-method> <!-- testAddEmployee -->
        <test-method is-config="true" signature="tearDown()[pri:0, instance:AddEmployeePageTest@1d119efb]" started-at="2026-08-06T00:22:53 PDT" name="tearDown" finished-at="2026-08-06T00:22:54 PDT" duration-ms="201" status="PASS">
          <reporter-output>
          </reporter-output>
        </test-method> <!-- tearDown -->
      </class> <!-- AddEmployeePageTest -->
      <class name="AdminPageTest">
        <test-method is-config="true" signature="setUp()[pri:0, instance:AdminPageTest@6fe7aac8]" started-at="2026-08-06T00:21:39 PDT" name="setUp" finished-at="2026-08-06T00:21:47 PDT" duration-ms="7843" status="PASS">
          <reporter-output>
          </reporter-output>
        </test-method> <!-- setUp -->
        <test-method signature="adminPageTitleTest()[pri:1, instance:AdminPageTest@6fe7aac8]" started-at="2026-08-06T00:21:47 PDT" name="adminPageTitleTest" finished-at="2026-08-06T00:21:47 PDT" duration-ms="15" status="PASS">
          <reporter-output>
          </reporter-output>
        </test-method> <!-- adminPageTitleTest -->
        <test-method is-config="true" signature="tearDown()[pri:0, instance:AdminPageTest@6fe7aac8]" started-at="2026-08-06T00:21:47 PDT" name="tearDown" finished-at="2026-08-06T00:21:47 PDT" duration-ms="285" status="PASS">
          <reporter-output>
          </reporter-output>
        </test-method> <!-- tearDown -->
        <test-method is-config="true" signature="setUp()[pri:0, instance:AdminPageTest@6fe7aac8]" started-at="2026-08-06T00:21:47 PDT" name="setUp" finished-at="2026-08-06T00:21:57 PDT" duration-ms="9813" status="PASS">
          <reporter-output>
          </reporter-output>
        </test-method> <!-- setUp -->
        <test-method signature="adminHeaderTest()[pri:2, instance:AdminPageTest@6fe7aac8]" started-at="2026-08-06T00:21:57 PDT" name="adminHeaderTest" finished-at="2026-08-06T00:21:58 PDT" duration-ms="1183" status="PASS">
          <reporter-output>
          </reporter-output>
        </test-method> <!-- adminHeaderTest -->
        <test-method is-config="true" signature="tearDown()[pri:0, instance:AdminPageTest@6fe7aac8]" started-at="2026-08-06T00:21:58 PDT" name="tearDown" finished-at="2026-08-06T00:21:58 PDT" duration-ms="203" status="PASS">
          <reporter-output>
          </reporter-output>
        </test-method> <!-- tearDown -->
        <test-method is-config="true" signature="setUp()[pri:0, instance:AdminPageTest@6fe7aac8]" started-at="2026-08-06T00:21:58 PDT" name="setUp" finished-at="2026-08-06T00:22:10 PDT" duration-ms="11536" status="PASS">
          <reporter-output>
          </reporter-output>
        </test-method> <!-- setUp -->
        <test-method signature="addEmployeeButtonTest()[pri:3, instance:AdminPageTest@6fe7aac8]" started-at="2026-08-06T00:22:10 PDT" name="addEmployeeButtonTest" finished-at="2026-08-06T00:22:11 PDT" duration-ms="759" status="PASS">
          <reporter-output>
          </reporter-output>
        </test-method> <!-- addEmployeeButtonTest -->
        <test-method is-config="true" signature="tearDown()[pri:0, instance:AdminPageTest@6fe7aac8]" started-at="2026-08-06T00:22:11 PDT" name="tearDown" finished-at="2026-08-06T00:22:11 PDT" duration-ms="280" status="PASS">
          <reporter-output>
          </reporter-output>
        </test-method> <!-- tearDown -->
      </class> <!-- AdminPageTest -->
      <class name="HomePageTest">
        <test-method is-config="true" signature="setUp()[pri:0, instance:HomePageTest@22a637e7]" started-at="2026-08-06T00:20:34 PDT" name="setUp" finished-at="2026-08-06T00:20:43 PDT" duration-ms="8831" status="PASS">
          <reporter-output>
          </reporter-output>
        </test-method> <!-- setUp -->
        <test-method signature="homePageTitleTest()[pri:1, instance:HomePageTest@22a637e7]" started-at="2026-08-06T00:20:43 PDT" name="homePageTitleTest" finished-at="2026-08-06T00:20:49 PDT" duration-ms="5869" status="PASS">
          <reporter-output>
          </reporter-output>
        </test-method> <!-- homePageTitleTest -->
        <test-method is-config="true" signature="tearDown()[pri:0, instance:HomePageTest@22a637e7]" started-at="2026-08-06T00:20:49 PDT" name="tearDown" finished-at="2026-08-06T00:20:49 PDT" duration-ms="230" status="PASS">
          <reporter-output>
          </reporter-output>
        </test-method> <!-- tearDown -->
        <test-method is-config="true" signature="setUp()[pri:0, instance:HomePageTest@22a637e7]" started-at="2026-08-06T00:20:49 PDT" name="setUp" finished-at="2026-08-06T00:20:58 PDT" duration-ms="9467" status="PASS">
          <reporter-output>
          </reporter-output>
        </test-method> <!-- setUp -->
        <test-method signature="dashboardHeaderTest()[pri:2, instance:HomePageTest@22a637e7]" started-at="2026-08-06T00:20:58 PDT" name="dashboardHeaderTest" finished-at="2026-08-06T00:20:59 PDT" duration-ms="1204" status="PASS">
          <reporter-output>
          </reporter-output>
        </test-method> <!-- dashboardHeaderTest -->
        <test-method is-config="true" signature="tearDown()[pri:0, instance:HomePageTest@22a637e7]" started-at="2026-08-06T00:20:59 PDT" name="tearDown" finished-at="2026-08-06T00:21:00 PDT" duration-ms="213" status="PASS">
          <reporter-output>
          </reporter-output>
        </test-method> <!-- tearDown -->
        <test-method is-config="true" signature="setUp()[pri:0, instance:HomePageTest@22a637e7]" started-at="2026-08-06T00:21:00 PDT" name="setUp" finished-at="2026-08-06T00:21:10 PDT" duration-ms="10060" status="PASS">
          <reporter-output>
          </reporter-output>
        </test-method> <!-- setUp -->
        <test-method signature="clickOnAdminTabTest()[pri:3, instance:HomePageTest@22a637e7]" started-at="2026-08-06T00:21:10 PDT" name="clickOnAdminTabTest" finished-at="2026-08-06T00:21:17 PDT" duration-ms="7398" status="PASS">
          <reporter-output>
          </reporter-output>
        </test-method> <!-- clickOnAdminTabTest -->
        <test-method is-config="true" signature="tearDown()[pri:0, instance:HomePageTest@22a637e7]" started-at="2026-08-06T00:21:17 PDT" name="tearDown" finished-at="2026-08-06T00:21:17 PDT" duration-ms="303" status="PASS">
          <reporter-output>
          </reporter-output>
        </test-method> <!-- tearDown -->
        <test-method is-config="true" signature="setUp()[pri:0, instance:HomePageTest@22a637e7]" started-at="2026-08-06T00:21:17 PDT" name="setUp" finished-at="2026-08-06T00:21:22 PDT" duration-ms="4885" status="PASS">
          <reporter-output>
          </reporter-output>
        </test-method> <!-- setUp -->
        <test-method signature="clickOnPIMTabTest()[pri:4, instance:HomePageTest@22a637e7]" started-at="2026-08-06T00:21:22 PDT" name="clickOnPIMTabTest" finished-at="2026-08-06T00:21:29 PDT" duration-ms="6578" status="PASS">
          <reporter-output>
          </reporter-output>
        </test-method> <!-- clickOnPIMTabTest -->
        <test-method is-config="true" signature="tearDown()[pri:0, instance:HomePageTest@22a637e7]" started-at="2026-08-06T00:21:29 PDT" name="tearDown" finished-at="2026-08-06T00:21:29 PDT" duration-ms="281" status="PASS">
          <reporter-output>
          </reporter-output>
        </test-method> <!-- tearDown -->
        <test-method is-config="true" signature="setUp()[pri:0, instance:HomePageTest@22a637e7]" started-at="2026-08-06T00:21:29 PDT" name="setUp" finished-at="2026-08-06T00:21:35 PDT" duration-ms="5667" status="PASS">
          <reporter-output>
          </reporter-output>
        </test-method> <!-- setUp -->
        <test-method signature="clickOnLeaveTabTest()[pri:5, instance:HomePageTest@22a637e7]" started-at="2026-08-06T00:21:35 PDT" name="clickOnLeaveTabTest" finished-at="2026-08-06T00:21:39 PDT" duration-ms="3732" status="PASS">
          <reporter-output>
          </reporter-output>
        </test-method> <!-- clickOnLeaveTabTest -->
        <test-method is-config="true" signature="tearDown()[pri:0, instance:HomePageTest@22a637e7]" started-at="2026-08-06T00:21:39 PDT" name="tearDown" finished-at="2026-08-06T00:21:39 PDT" duration-ms="271" status="PASS">
          <reporter-output>
          </reporter-output>
        </test-method> <!-- tearDown -->
      </class> <!-- HomePageTest -->
      <class name="LoginTest">
        <test-method is-config="true" signature="setUp()[pri:0, instance:LoginTest@4313f5bc]" started-at="2026-08-06T00:20:05 PDT" name="setUp" finished-at="2026-08-06T00:20:14 PDT" duration-ms="8932" status="PASS">
          <reporter-output>
          </reporter-output>
        </test-method> <!-- setUp -->
        <test-method signature="LoginPageTitleTest()[pri:1, instance:LoginTest@4313f5bc]" started-at="2026-08-06T00:20:14 PDT" name="LoginPageTitleTest" finished-at="2026-08-06T00:20:14 PDT" duration-ms="16" status="PASS">
          <reporter-output>
          </reporter-output>
        </test-method> <!-- LoginPageTitleTest -->
        <test-method is-config="true" signature="tearDown()[pri:0, instance:LoginTest@4313f5bc]" started-at="2026-08-06T00:20:14 PDT" name="tearDown" finished-at="2026-08-06T00:20:14 PDT" duration-ms="301" status="PASS">
          <reporter-output>
          </reporter-output>
        </test-method> <!-- tearDown -->
        <test-method is-config="true" signature="setUp()[pri:0, instance:LoginTest@4313f5bc]" started-at="2026-08-06T00:20:14 PDT" name="setUp" finished-at="2026-08-06T00:20:22 PDT" duration-ms="7902" status="PASS">
          <reporter-output>
          </reporter-output>
        </test-method> <!-- setUp -->
        <test-method signature="isLogoDisplayedTest()[pri:2, instance:LoginTest@4313f5bc]" started-at="2026-08-06T00:20:22 PDT" name="isLogoDisplayedTest" finished-at="2026-08-06T00:20:24 PDT" duration-ms="2344" status="PASS">
          <reporter-output>
          </reporter-output>
        </test-method> <!-- isLogoDisplayedTest -->
        <test-method is-config="true" signature="tearDown()[pri:0, instance:LoginTest@4313f5bc]" started-at="2026-08-06T00:20:24 PDT" name="tearDown" finished-at="2026-08-06T00:20:25 PDT" duration-ms="266" status="PASS">
          <reporter-output>
          </reporter-output>
        </test-method> <!-- tearDown -->
        <test-method is-config="true" signature="setUp()[pri:0, instance:LoginTest@4313f5bc]" started-at="2026-08-06T00:20:25 PDT" name="setUp" finished-at="2026-08-06T00:20:31 PDT" duration-ms="6635" status="PASS">
          <reporter-output>
          </reporter-output>
        </test-method> <!-- setUp -->
        <test-method signature="loginTest()[pri:3, instance:LoginTest@4313f5bc]" started-at="2026-08-06T00:20:31 PDT" name="loginTest" finished-at="2026-08-06T00:20:34 PDT" duration-ms="2464" status="PASS">
          <reporter-output>
          </reporter-output>
        </test-method> <!-- loginTest -->
        <test-method is-config="true" signature="tearDown()[pri:0, instance:LoginTest@4313f5bc]" started-at="2026-08-06T00:20:34 PDT" name="tearDown" finished-at="2026-08-06T00:20:34 PDT" duration-ms="252" status="PASS">
          <reporter-output>
          </reporter-output>
        </test-method> <!-- tearDown -->
      </class> <!-- LoginTest -->
    </test> <!-- Orange HRM Test Suite -->
  </suite> <!-- OrangeHRM Automation Suite -->
</testng-results>
