<?xml version="1.0" encoding="UTF-8"?>
<!-- Generated by org.testng.reporters.JUnitReportReporter -->
<testsuite hostname="Dulini" failures="0" tests="3" name="AddEmployeePageTest" time="42.143" errors="0" timestamp="2026-08-06T00:22:54 PDT" skipped="0">
  <testcase classname="AddEmployeePageTest" name="testAddEmployee" time="15.664"/>
  <testcase classname="AddEmployeePageTest" name="testAddEmployee" time="14.016"/>
  <testcase classname="AddEmployeePageTest" name="testAddEmployee" time="12.463"/>
</testsuite> <!-- AddEmployeePageTest -->
