<?xml version="1.0" encoding="UTF-8"?>
<!-- Generated by org.testng.reporters.JUnitReportReporter -->
<testsuite hostname="Dulini" failures="0" tests="3" name="AdminPageTest" time="24.958" errors="0" timestamp="2026-08-03T03:41:44 PDT" skipped="0">
  <testcase classname="AdminPageTest" name="adminPageTitleTest" time="10.330"/>
  <testcase classname="AdminPageTest" name="adminHeaderTest" time="7.203"/>
  <testcase classname="AdminPageTest" name="addEmployeeButtonTest" time="7.425"/>
</testsuite> <!-- AdminPageTest -->
