<?xml version="1.0" encoding="UTF-8"?>
<!-- Generated by org.testng.reporters.JUnitReportReporter -->
<testsuite hostname="Dulini" failures="0" tests="3" name="AdminPageTest" time="31.917" errors="0" timestamp="2026-08-06T00:22:54 PDT" skipped="0">
  <testcase classname="AdminPageTest" name="adminPageTitleTest" time="8.143"/>
  <testcase classname="AdminPageTest" name="adminHeaderTest" time="11.199"/>
  <testcase classname="AdminPageTest" name="addEmployeeButtonTest" time="12.575"/>
</testsuite> <!-- AdminPageTest -->
