<?xml version="1.0" encoding="UTF-8"?>
<!-- Generated by org.testng.reporters.JUnitReportReporter -->
<testsuite hostname="Dulini" failures="0" tests="3" name="AddEmployeePageTest" time="32.367" errors="0" timestamp="2026-08-03T03:41:44 PDT" skipped="0">
  <testcase classname="AddEmployeePageTest" name="testAddEmployee" time="8.554"/>
  <testcase classname="AddEmployeePageTest" name="testAddEmployee" time="11.821"/>
  <testcase classname="AddEmployeePageTest" name="testAddEmployee" time="11.992"/>
</testsuite> <!-- AddEmployeePageTest -->
