<?xml version="1.0" encoding="UTF-8"?>
<!-- Generated by org.testng.reporters.JUnitReportReporter -->
<testsuite hostname="Dulini" failures="0" tests="5" name="HomePageTest" time="64.989" errors="0" timestamp="2026-08-06T00:22:54 PDT" skipped="0">
  <testcase classname="HomePageTest" name="homePageTitleTest" time="15.566"/>
  <testcase classname="HomePageTest" name="dashboardHeaderTest" time="11.477"/>
  <testcase classname="HomePageTest" name="clickOnAdminTabTest" time="16.510"/>
  <testcase classname="HomePageTest" name="clickOnPIMTabTest" time="11.766"/>
  <testcase classname="HomePageTest" name="clickOnLeaveTabTest" time="9.670"/>
</testsuite> <!-- HomePageTest -->
