<?xml version="1.0" encoding="UTF-8"?>
<!-- Generated by org.testng.reporters.JUnitReportReporter -->
<testsuite hostname="Dulini" failures="0" tests="5" name="HomePageTest" time="89.628" errors="0" timestamp="2026-08-03T03:41:44 PDT" skipped="0">
  <testcase classname="HomePageTest" name="homePageTitleTest" time="20.685"/>
  <testcase classname="HomePageTest" name="dashboardHeaderTest" time="16.887"/>
  <testcase classname="HomePageTest" name="clickOnAdminTabTest" time="19.035"/>
  <testcase classname="HomePageTest" name="clickOnPIMTabTest" time="14.381"/>
  <testcase classname="HomePageTest" name="clickOnLeaveTabTest" time="18.640"/>
</testsuite> <!-- HomePageTest -->
